[debug] [2023-12-02T14:59:01.390Z] ----------------------------------------------------------------------
[debug] [2023-12-02T14:59:01.394Z] Command:       C:\Program Files\nodejs\node.exe C:\Users\mkkar\AppData\Roaming\npm\node_modules\firebase-tools\lib\bin\firebase.js init
[debug] [2023-12-02T14:59:01.395Z] CLI Version:   12.6.1
[debug] [2023-12-02T14:59:01.395Z] Platform:      win32
[debug] [2023-12-02T14:59:01.396Z] Node Version:  v20.9.0
[debug] [2023-12-02T14:59:01.396Z] Time:          Sat Dec 02 2023 20:29:01 GMT+0530 (India Standard Time)
[debug] [2023-12-02T14:59:01.396Z] ----------------------------------------------------------------------
[debug] 
[debug] [2023-12-02T14:59:01.568Z] > command requires scopes: ["email","openid","https://www.googleapis.com/auth/cloudplatformprojects.readonly","https://www.googleapis.com/auth/firebase","https://www.googleapis.com/auth/cloud-platform"]
[debug] [2023-12-02T14:59:01.569Z] > authorizing via signed-in user (minavpkaria@gmail.com)
[info] 
     ######## #### ########  ######## ########     ###     ######  ########
     ##        ##  ##     ## ##       ##     ##  ##   ##  ##       ##
     ######    ##  ########  ######   ########  #########  ######  ######
     ##        ##  ##    ##  ##       ##     ## ##     ##       ## ##
     ##       #### ##     ## ######## ########  ##     ##  ######  ########

You're about to initialize a Firebase project in this directory:

  C:\Desktop\Trail\Rock-Paper-Scissor-React\my-app

Before we get started, keep in mind:

  * You are currently outside your home directory
  * You are initializing within an existing Firebase project directory

[info] 
=== Project Setup
[info] 
[info] First, let's associate this project directory with a Firebase project.
[info] You can create multiple project aliases by running firebase use --add, 
[info] but for now we'll just set up a default project.
[info] 
[debug] [2023-12-02T14:59:11.719Z] Using project from CLI flag: rock-paper-scissor-171cc
[debug] [2023-12-02T14:59:11.722Z] >>> [apiv2][query] GET https://firebase.googleapis.com/v1beta1/projects/rock-paper-scissor-171cc [none]
[debug] [2023-12-02T14:59:12.596Z] <<< [apiv2][status] GET https://firebase.googleapis.com/v1beta1/projects/rock-paper-scissor-171cc 200
[debug] [2023-12-02T14:59:12.596Z] <<< [apiv2][body] GET https://firebase.googleapis.com/v1beta1/projects/rock-paper-scissor-171cc {"projectId":"rock-paper-scissor-171cc","projectNumber":"155558235436","displayName":"Rock Paper Scissor","name":"projects/rock-paper-scissor-171cc","resources":{"hostingSite":"rock-paper-scissor-171cc","realtimeDatabaseInstance":"rock-paper-scissor-171cc-default-rtdb"},"state":"ACTIVE","etag":"1_6d0d64c2-b39e-4ef7-a997-ef5622adf9a4"}
[info] i  Using project rock-paper-scissor-171cc (Rock Paper Scissor) 
[info] 
=== Hosting Setup
[info] 
[info] Your public directory is the folder (relative to your project directory) that
[info] will contain Hosting assets to be uploaded with firebase deploy. If you
[info] have a build process for your assets, use your build's output directory.
[info] 
